<?xml version="1.0" encoding="UTF-8"?>
<testsuite xmlns:xsi="http://www.w3.org/2001/XMLSchema-instance" xsi:noNamespaceSchemaLocation="https://maven.apache.org/surefire/maven-surefire-plugin/xsd/surefire-test-report-3.0.xsd" version="3.0" name="TicketServiceImplTest" time="1.578" tests="8" errors="0" skipped="0" failures="0">
  <properties>
[...]
</properties>
  <testcase name="shouldThrowExceptionWhenPurchasingInfantTicketsWithoutAdult" classname="TicketServiceImplTest" time="1.452"/>
  <testcase name="shouldNotReserveSeatsForInfants" classname="TicketServiceImplTest" time="0.039"/>
  <testcase name="shouldThrowExceptionWhenNoTicketsArePurchased" classname="TicketServiceImplTest" time="0.006"/>
  <testcase name="shouldThrowExceptionWhenPurchasingChildTicketsWithoutAdult" classname="TicketServiceImplTest" time="0.005"/>
  <testcase name="shouldThrowExceptionWhenPurchasingMoreThan25Tickets" classname="TicketServiceImplTest" time="0.008"/>
  <testcase name="shouldMakePaymentAndReserveSeatsWhenValidPurchase" classname="TicketServiceImplTest" time="0.006"/>
  <testcase name="shouldThrowExceptionForInvalidAccountId" classname="TicketServiceImplTest" time="0.004"/>
  <testcase name="shouldCorrectlyCalculatePaymentAndSeatsForMixedTickets" classname="TicketServiceImplTest" time="0.005"/>
</testsuite>